[ 2016-01-19T14:11:36+08:00 ] 127.0.0.1 /timemaker/create
INFO: [ app_init ] --START--
INFO: Run Behavior\BuildLiteBehavior [ RunTime:0.000037s ]
INFO: [ app_init ] --END-- [ RunTime:0.001912s ]
ERR: 无法加载模块:Create

[ 2016-01-19T14:11:46+08:00 ] 127.0.0.1 /timemaker/index/create
INFO: [ app_init ] --START--
INFO: Run Behavior\BuildLiteBehavior [ RunTime:0.000038s ]
INFO: [ app_init ] --END-- [ RunTime:0.002426s ]
ERR: 无法加载模块:Index

[ 2016-01-19T14:57:09+08:00 ] 127.0.0.1 /timemaker/Public/css/mystyle.css
INFO: [ app_init ] --START--
INFO: Run Behavior\BuildLiteBehavior [ RunTime:0.000043s ]
INFO: [ app_init ] --END-- [ RunTime:0.001866s ]
ERR: 无法加载模块:Public

[ 2016-01-19T14:57:10+08:00 ] 127.0.0.1 /timemaker/Public/bootflat/js/jquery.fs.stepper.min.js
INFO: [ app_init ] --START--
INFO: Run Behavior\BuildLiteBehavior [ RunTime:0.000038s ]
INFO: [ app_init ] --END-- [ RunTime:0.011297s ]
ERR: 无法加载模块:Public

[ 2016-01-19T14:57:11+08:00 ] 127.0.0.1 /timemaker/Public/bootflat/js/jquery.fs.selecter.min.js
INFO: [ app_init ] --START--
INFO: Run Behavior\BuildLiteBehavior [ RunTime:0.000046s ]
INFO: [ app_init ] --END-- [ RunTime:0.003427s ]
ERR: 无法加载模块:Public

[ 2016-01-19T14:57:11+08:00 ] 127.0.0.1 /timemaker/Public/bootflat/js/icheck.min.js
INFO: [ app_init ] --START--
INFO: Run Behavior\BuildLiteBehavior [ RunTime:0.000040s ]
INFO: [ app_init ] --END-- [ RunTime:0.004034s ]
ERR: 无法加载模块:Public

[ 2016-01-19T15:38:59+08:00 ] 127.0.0.1 /timemaker/creat
INFO: [ app_init ] --START--
INFO: Run Behavior\BuildLiteBehavior [ RunTime:0.000042s ]
INFO: [ app_init ] --END-- [ RunTime:0.001659s ]
ERR: 无法加载模块:Creat

[ 2016-01-19T15:39:07+08:00 ] 127.0.0.1 /timemaker/create
INFO: [ app_init ] --START--
INFO: Run Behavior\BuildLiteBehavior [ RunTime:0.000038s ]
INFO: [ app_init ] --END-- [ RunTime:0.001572s ]
ERR: 无法加载模块:Create

[ 2016-01-19T15:39:11+08:00 ] 127.0.0.1 /timemaker/create
INFO: [ app_init ] --START--
INFO: Run Behavior\BuildLiteBehavior [ RunTime:0.000044s ]
INFO: [ app_init ] --END-- [ RunTime:0.001413s ]
ERR: 无法加载模块:Create

